app/build/intermediates/manifest_merge_blame_file/debug/processDebugMainManifest/manifest-merger-blame-debug-report.txt
1<?xml version="1.0" encoding="utf-8"?>
2<manifest xmlns:android="http://schemas.android.com/apk/res/android"
3    package="com.example.chatflow"
4    android:versionCode="1"
5    android:versionName="1.0" >
6
7    <uses-sdk
8        android:minSdkVersion="26"
9        android:targetSdkVersion="34" />
10
11    <uses-permission android:name="android.permission.INTERNET" />
11-->src/main/AndroidManifest.xml:2:5-66
11-->src/main/AndroidManifest.xml:2:22-64
12    <uses-permission android:name="android.permission.POST_NOTIFICATIONS" />
12-->src/main/AndroidManifest.xml:3:5-76
12-->src/main/AndroidManifest.xml:3:22-74
13
14    <permission
14-->[androidx.core:core:1.13.1] AndroidManifest.xml:22:5-24:47
15        android:name="com.example.chatflow.DYNAMIC_RECEIVER_NOT_EXPORTED_PERMISSION"
15-->[androidx.core:core:1.13.1] AndroidManifest.xml:23:9-81
16        android:protectionLevel="signature" />
16-->[androidx.core:core:1.13.1] AndroidManifest.xml:24:9-44
17
18    <uses-permission android:name="com.example.chatflow.DYNAMIC_RECEIVER_NOT_EXPORTED_PERMISSION" />
18-->[androidx.core:core:1.13.1] AndroidManifest.xml:26:5-97
18-->[androidx.core:core:1.13.1] AndroidManifest.xml:26:22-94
19
20    <application
20-->src/main/AndroidManifest.xml:5:5-18:19
21        android:name="com.example.chatflow.ChatFlowApp"
21-->src/main/AndroidManifest.xml:6:9-36
22        android:allowBackup="true"
22-->src/main/AndroidManifest.xml:8:9-35
23        android:appComponentFactory="androidx.core.app.CoreComponentFactory"
23-->[androidx.core:core:1.13.1] AndroidManifest.xml:28:18-86
24        android:debuggable="true"
25        android:extractNativeLibs="false"
26        android:icon="@mipmap/ic_launcher"
26-->src/main/AndroidManifest.xml:9:9-43
27        android:label="ChatFlow" >
27-->src/main/AndroidManifest.xml:7:9-33
28        <activity
28-->src/main/AndroidManifest.xml:10:9-15:20
29            android:name="com.example.chatflow.MainActivity"
29-->src/main/AndroidManifest.xml:10:19-47
30            android:exported="true" >
30-->src/main/AndroidManifest.xml:10:48-71
31            <intent-filter>
31-->src/main/AndroidManifest.xml:11:13-14:29
32                <action android:name="android.intent.action.MAIN" />
32-->src/main/AndroidManifest.xml:12:17-68
32-->src/main/AndroidManifest.xml:12:25-66
33
34                <category android:name="android.intent.category.LAUNCHER" />
34-->src/main/AndroidManifest.xml:13:17-76
34-->src/main/AndroidManifest.xml:13:27-74
35            </intent-filter>
36        </activity>
37
38        <service
38-->src/main/AndroidManifest.xml:17:9-122
39            android:name="com.example.chatflow.sync.ChatSyncService"
39-->src/main/AndroidManifest.xml:17:18-54
40            android:exported="false"
40-->src/main/AndroidManifest.xml:17:55-79
41            android:foregroundServiceType="dataSync" />
41-->src/main/AndroidManifest.xml:17:80-120
42        <service
42-->[androidx.room:room-runtime:2.6.1] AndroidManifest.xml:24:9-28:63
43            android:name="androidx.room.MultiInstanceInvalidationService"
43-->[androidx.room:room-runtime:2.6.1] AndroidManifest.xml:25:13-74
44            android:directBootAware="true"
44-->[androidx.room:room-runtime:2.6.1] AndroidManifest.xml:26:13-43
45            android:exported="false" />
45-->[androidx.room:room-runtime:2.6.1] AndroidManifest.xml:27:13-37
46
47        <provider
47-->[androidx.emoji2:emoji2:1.3.0] AndroidManifest.xml:24:9-32:20
48            android:name="androidx.startup.InitializationProvider"
48-->[androidx.emoji2:emoji2:1.3.0] AndroidManifest.xml:25:13-67
49            android:authorities="com.example.chatflow.androidx-startup"
49-->[androidx.emoji2:emoji2:1.3.0] AndroidManifest.xml:26:13-68
50            android:exported="false" >
50-->[androidx.emoji2:emoji2:1.3.0] AndroidManifest.xml:27:13-37
51            <meta-data
51-->[androidx.emoji2:emoji2:1.3.0] AndroidManifest.xml:29:13-31:52
52                android:name="androidx.emoji2.text.EmojiCompatInitializer"
52-->[androidx.emoji2:emoji2:1.3.0] AndroidManifest.xml:30:17-75
53                android:value="androidx.startup" />
53-->[androidx.emoji2:emoji2:1.3.0] AndroidManifest.xml:31:17-49
54            <meta-data
54-->[androidx.lifecycle:lifecycle-process:2.8.3] AndroidManifest.xml:29:13-31:52
55                android:name="androidx.lifecycle.ProcessLifecycleInitializer"
55-->[androidx.lifecycle:lifecycle-process:2.8.3] AndroidManifest.xml:30:17-78
56                android:value="androidx.startup" />
56-->[androidx.lifecycle:lifecycle-process:2.8.3] AndroidManifest.xml:31:17-49
57            <meta-data
57-->[androidx.profileinstaller:profileinstaller:1.3.1] AndroidManifest.xml:29:13-31:52
58                android:name="androidx.profileinstaller.ProfileInstallerInitializer"
58-->[androidx.profileinstaller:profileinstaller:1.3.1] AndroidManifest.xml:30:17-85
59                android:value="androidx.startup" />
59-->[androidx.profileinstaller:profileinstaller:1.3.1] AndroidManifest.xml:31:17-49
60        </provider>
61
62        <receiver
62-->[androidx.profileinstaller:profileinstaller:1.3.1] AndroidManifest.xml:34:9-52:20
63            android:name="androidx.profileinstaller.ProfileInstallReceiver"
63-->[androidx.profileinstaller:profileinstaller:1.3.1] AndroidManifest.xml:35:13-76
64            android:directBootAware="false"
64-->[androidx.profileinstaller:profileinstaller:1.3.1] AndroidManifest.xml:36:13-44
65            android:enabled="true"
65-->[androidx.profileinstaller:profileinstaller:1.3.1] AndroidManifest.xml:37:13-35
66            android:exported="true"
66-->[androidx.profileinstaller:profileinstaller:1.3.1] AndroidManifest.xml:38:13-36
67            android:permission="android.permission.DUMP" >
67-->[androidx.profileinstaller:profileinstaller:1.3.1] AndroidManifest.xml:39:13-57
68            <intent-filter>
68-->[androidx.profileinstaller:profileinstaller:1.3.1] AndroidManifest.xml:40:13-42:29
69                <action android:name="androidx.profileinstaller.action.INSTALL_PROFILE" />
69-->[androidx.profileinstaller:profileinstaller:1.3.1] AndroidManifest.xml:41:17-91
69-->[androidx.profileinstaller:profileinstaller:1.3.1] AndroidManifest.xml:41:25-88
70            </intent-filter>
71            <intent-filter>
71-->[androidx.profileinstaller:profileinstaller:1.3.1] AndroidManifest.xml:43:13-45:29
72                <action android:name="androidx.profileinstaller.action.SKIP_FILE" />
72-->[androidx.profileinstaller:profileinstaller:1.3.1] AndroidManifest.xml:44:17-85
72-->[androidx.profileinstaller:profileinstaller:1.3.1] AndroidManifest.xml:44:25-82
73            </intent-filter>
74            <intent-filter>
74-->[androidx.profileinstaller:profileinstaller:1.3.1] AndroidManifest.xml:46:13-48:29
75                <action android:name="androidx.profileinstaller.action.SAVE_PROFILE" />
75-->[androidx.profileinstaller:profileinstaller:1.3.1] AndroidManifest.xml:47:17-88
75-->[androidx.profileinstaller:profileinstaller:1.3.1] AndroidManifest.xml:47:25-85
76            </intent-filter>
77            <intent-filter>
77-->[androidx.profileinstaller:profileinstaller:1.3.1] AndroidManifest.xml:49:13-51:29
78                <action android:name="androidx.profileinstaller.action.BENCHMARK_OPERATION" />
78-->[androidx.profileinstaller:profileinstaller:1.3.1] AndroidManifest.xml:50:17-95
78-->[androidx.profileinstaller:profileinstaller:1.3.1] AndroidManifest.xml:50:25-92
79            </intent-filter>
80        </receiver>
81    </application>
82
83</manifest>